Thu Nov 28 05:00:01 KST 2019
Fri Nov 29 05:00:01 KST 2019
Sat Nov 30 05:00:02 KST 2019
Sun Dec 1 05:00:01 KST 2019
Mon Dec 2 05:00:02 KST 2019
Mon Dec 2 20:00:32 KST 2019
Tue Dec 3 20:00:02 KST 2019
Wed Dec 4 20:00:01 KST 2019
Thu Dec 5 20:00:01 KST 2019
Fri Dec 6 20:00:01 KST 2019
Sat Dec 7 20:00:01 KST 2019
Sun Dec 8 20:00:01 KST 2019
Mon Dec 9 20:00:32 KST 2019
Tue Dec 10 20:00:31 KST 2019
Wed Dec 11 20:00:31 KST 2019
Thu Dec 12 20:00:31 KST 2019
Fri Dec 13 20:00:31 KST 2019
Sat Dec 14 20:00:31 KST 2019
Sun Dec 15 20:00:31 KST 2019
Mon Dec 16 20:00:01 KST 2019
Tue Dec 17 20:00:01 KST 2019
Wed Dec 18 20:00:01 KST 2019
Thu Dec 19 20:00:01 KST 2019
Fri Dec 20 20:00:01 KST 2019
Sat Dec 21 20:00:01 KST 2019
Sun Dec 22 20:00:01 KST 2019
Mon Dec 23 20:00:01 KST 2019
Tue Dec 24 20:00:01 KST 2019
Wed Dec 25 20:00:01 KST 2019
Thu Dec 26 20:00:01 KST 2019
Fri Dec 27 20:00:01 KST 2019
Sat Dec 28 20:00:01 KST 2019
Sun Dec 29 20:00:01 KST 2019
Mon Dec 30 20:00:01 KST 2019
Tue Dec 31 20:00:01 KST 2019
Wed Jan 1 20:00:01 KST 2020
Thu Jan 2 20:00:01 KST 2020
Fri Jan 3 20:00:01 KST 2020
Sat Jan 4 20:00:32 KST 2020
Sun Jan 5 20:00:31 KST 2020
Mon Jan 6 20:00:01 KST 2020
